=== Taint Forward Tracking ===
Source: x8
Total matched: 25 instructions
Stop reason: scan limit reached (1000000 lines without propagation)
============================================================

[22] [libsscronet.so] 0x7a39cee548!0x2ed548 mul x8, x9, x10; x8=0x31a69823 x9=0x14f78 x10=0xf4240 -> x8=0x13fed8ce00 
      tainted: {x8}

[24] [libsscronet.so] 0x7a39cee550!0x2ed550 cmp x9, x8, asr #63; x9=0x0 x8=0x13fed8ce00 -> x9=0x0 
      tainted: {x8, nzcv}

[34] [libsscronet.so] 0x7a39cee578!0x2ed578 adds x0, x8, x9; x0=0x0 x8=0x13fed8ce00 x9=0xcb5e9 -> x0=0x13fee583e9 
      tainted: {x0, x8, nzcv}

[40] [libsscronet.so] 0x7a39df51b0!0x3f41b0 str x0, [x19, #0x238]; x0=0x13fee583e9 x19=0x7cf8b734f0 mem_w=0x7cf8b73728 
      tainted: {x0, x8, nzcv, mem:0x7cf8b73728}

[115824] [libsscronet.so] 0x7a39df5160!0x3f4160 ldr x8, [x0, #0x238]; x8=0x7a39df515c x0=0x7cf8b734f0 mem_r=0x7cf8b73728 -> x8=0x13fee583e9 
      tainted: {x8, mem:0x7cf8b73728}

[115825] [libsscronet.so] 0x7a39df5164!0x3f4164 str x8, [x1, #0x1b8]; x8=0x13fee583e9 x1=0x7c08cfb590 mem_w=0x7c08cfb748 
      tainted: {x8, mem:0x7c08cfb748, mem:0x7cf8b73728}

[115826] [libsscronet.so] 0x7a39df5168!0x3f4168 ldr x8, [x0, #0x238]; x8=0x13fee583e9 x0=0x7cf8b734f0 mem_r=0x7cf8b73728 -> x8=0x13fee583e9 
      tainted: {x8, mem:0x7c08cfb748, mem:0x7cf8b73728}

[115827] [libsscronet.so] 0x7a39df516c!0x3f416c str x8, [x1, #0x1c0]; x8=0x13fee583e9 x1=0x7c08cfb590 mem_w=0x7c08cfb750 
      tainted: {x8, mem:0x7cf8b73728, mem:0x7c08cfb750, mem:0x7c08cfb748}

[115828] [libsscronet.so] 0x7a39df5170!0x3f4170 ldr x8, [x0, #0x238]; x8=0x13fee583e9 x0=0x7cf8b734f0 mem_r=0x7cf8b73728 -> x8=0x13fee583e9 
      tainted: {x8, mem:0x7cf8b73728, mem:0x7c08cfb750, mem:0x7c08cfb748}

[115829] [libsscronet.so] 0x7a39df5174!0x3f4174 str x8, [x1, #0x1c8]; x8=0x13fee583e9 x1=0x7c08cfb590 mem_w=0x7c08cfb758 
      tainted: {x8, mem:0x7c08cfb758, mem:0x7cf8b73728, mem:0x7c08cfb750, mem:0x7c08cfb748}

[115830] [libsscronet.so] 0x7a39df5178!0x3f4178 ldr x8, [x0, #0x238]; x8=0x13fee583e9 x0=0x7cf8b734f0 mem_r=0x7cf8b73728 -> x8=0x13fee583e9 
      tainted: {x8, mem:0x7c08cfb758, mem:0x7cf8b73728, mem:0x7c08cfb750, mem:0x7c08cfb748}

[115831] [libsscronet.so] 0x7a39df517c!0x3f417c str x8, [x1, #0x1d0]; x8=0x13fee583e9 x1=0x7c08cfb590 mem_w=0x7c08cfb760 
      tainted: {x8, mem:0x7c08cfb758, mem:0x7cf8b73728, mem:0x7c08cfb748, mem:0x7c08cfb760, mem:0x7c08cfb750}

[115906] [libsscronet.so] 0x7a39df3794!0x3f2794 ldr x9, [x21, #0x988]; x9=0x13fed33ef7 x21=0x7c08cfadd0 mem_r=0x7c08cfb758 -> x9=0x13fee583e9 
      tainted: {x9, mem:0x7c08cfb758, mem:0x7cf8b73728, mem:0x7c08cfb748, mem:0x7c08cfb760, mem:0x7c08cfb750}

[115907] [libsscronet.so] 0x7a39df3798!0x3f2798 cbz x9, #0x7a39df37a8; x9=0x13fee583e9 
      tainted: {x9, mem:0x7c08cfb758, mem:0x7cf8b73728, mem:0x7c08cfb748, mem:0x7c08cfb760, mem:0x7c08cfb750}

[115908] [libsscronet.so] 0x7a39df379c!0x3f279c cmp x9, x8; x9=0x13fee583e9 x8=0x13fed33ef7 -> x9=0x13fee583e9 
      tainted: {x9, nzcv, mem:0x7c08cfb758, mem:0x7cf8b73728, mem:0x7c08cfb748, mem:0x7c08cfb760, mem:0x7c08cfb750}

[293637] [libsscronet.so] 0x7a39cad5b0!0x2ac5b0 ldp q4, q3, [x13, #0x20]; q4=0x612635313d6e6f69737265765f736f26 q3=0x264e433d6e6f696765725f737973266c x13=0x7cf8b73700 mem_r=0x7cf8b73720 -> q4=0x3838323d74657366666f5f656e6f7a65 q3=0x366d72613d6962615f74736f68263030 
      tainted: {q3, mem:0x7c08cfb758, mem:0x7cf8b73728, mem:0x7c08cfb748, mem:0x7c08cfb760, mem:0x7c08cfb750}

[293651] [libsscronet.so] 0x7a39cad5e8!0x2ac5e8 orr v2.16b, v4.16b, v3.16b
      tainted: {q2, q3, mem:0x7c08cfb758, mem:0x7cf8b73728, mem:0x7c08cfb748, mem:0x7c08cfb760, mem:0x7c08cfb750}

[293652] [libsscronet.so] 0x7a39cad5ec!0x2ac5ec orr v0.16b, v2.16b, v0.16b
      tainted: {q0, q2, q3, mem:0x7c08cfb758, mem:0x7cf8b73728, mem:0x7c08cfb748, mem:0x7c08cfb760, mem:0x7c08cfb750}

[293653] [libsscronet.so] 0x7a39cad5f0!0x2ac5f0 orr v0.16b, v0.16b, v1.16b
      tainted: {q0, q2, q3, mem:0x7c08cfb758, mem:0x7cf8b73728, mem:0x7c08cfb748, mem:0x7c08cfb760, mem:0x7c08cfb750}

[293654] [libsscronet.so] 0x7a39cad5f4!0x2ac5f4 ext v1.16b, v0.16b, v0.16b, #8
      tainted: {q0, q1, q2, q3, mem:0x7c08cfb758, mem:0x7cf8b73728, mem:0x7c08cfb748, mem:0x7c08cfb760, mem:0x7c08cfb750}

[293655] [libsscronet.so] 0x7a39cad5f8!0x2ac5f8 orr v0.8b, v0.8b, v1.8b
      tainted: {q0, q1, q2, q3, mem:0x7c08cfb758, mem:0x7cf8b73728, mem:0x7c08cfb748, mem:0x7c08cfb760, mem:0x7c08cfb750}

[293656] [libsscronet.so] 0x7a39cad5fc!0x2ac5fc fmov x14, d0; x14=0x7cf8b736f0 d0=0xffffffffffffffffffffffffffffffff -> x14=0x7f7f7f7f7f7f7f7f 
      tainted: {x14, q0, q1, q2, q3, mem:0x7c08cfb758, mem:0x7cf8b73728, mem:0x7c08cfb748, mem:0x7c08cfb760, mem:0x7c08cfb750}

[293657] [libsscronet.so] 0x7a39cad600!0x2ac600 and x14, x14, #0x8080808080808080; x14=0x7f7f7f7f7f7f7f7f x14=0x7f7f7f7f7f7f7f7f -> x14=0x0 
      tainted: {x14, q0, q1, q2, q3, mem:0x7c08cfb758, mem:0x7cf8b73728, mem:0x7c08cfb748, mem:0x7c08cfb760, mem:0x7c08cfb750}

[293658] [libsscronet.so] 0x7a39cad604!0x2ac604 cbz x14, #0x7a39cad4b4; x14=0x0 
      tainted: {x14, q0, q1, q2, q3, mem:0x7c08cfb758, mem:0x7cf8b73728, mem:0x7c08cfb748, mem:0x7c08cfb760, mem:0x7c08cfb750}

[296116] [libsscronet.so] 0x7a39cae870!0x2ad870 ldrb w9, [x21], #1; w9=0x66 x21=0x7cf8b73728 mem_w=0x7cf8b73728 -> w9=0x66 
      tainted: {mem:0x7c08cfb758, mem:0x7cf8b73728, mem:0x7c08cfb748, mem:0x7c08cfb760, mem:0x7c08cfb750}

